<?xml version="1.0" encoding="UTF-8"?>
<!-- Generated by org.testng.reporters.JUnitReportReporter -->
<testsuite hostname="Q10025" name="com.ERP.masterscripts.fffxfg" tests="1" failures="0" timestamp="12 Jul 2016 10:01:03 GMT" time="17.066" errors="0">
  <testcase name="uom" time="17.066" classname="com.ERP.masterscripts.fffxfg"/>
</testsuite> <!-- com.ERP.masterscripts.fffxfg -->
