<?xml version="1.0" encoding="UTF-8"?>
<!-- Generated by org.testng.reporters.JUnitReportReporter -->
<testsuite hostname="Q10025" name="TestNG.Methods" tests="1" failures="0" timestamp="12 Jul 2016 10:35:36 GMT" time="0.016" errors="0">
  <testcase name="f" time="0.016" classname="TestNG.Methods"/>
</testsuite> <!-- TestNG.Methods -->
