<?xml version="1.0" encoding="UTF-8"?>
<!-- Generated by org.testng.reporters.JUnitReportReporter -->
<testsuite hostname="Q10025" name="Page_object_model.POM_call" tests="1" failures="0" timestamp="14 Jul 2016 11:24:02 GMT" time="26.015" errors="0">
  <testcase name="url" time="26.015" classname="Page_object_model.POM_call"/>
</testsuite> <!-- Page_object_model.POM_call -->
