<?xml version="1.0" encoding="UTF-8"?>
<!-- Generated by org.testng.reporters.JUnitReportReporter -->
<testsuite hostname="Q10025" name="TestNG.Methods_call" tests="1" failures="0" timestamp="14 Jul 2016 09:56:36 GMT" time="0.008" errors="0">
  <testcase name="SupC" time="0.008" classname="TestNG.Methods_call"/>
</testsuite> <!-- TestNG.Methods_call -->
