<?xml version="1.0" encoding="UTF-8"?>
<!-- Generated by org.testng.reporters.JUnitReportReporter -->
<testsuite hostname="Q10025" name="com.ERP.masterscripts.NG_UOM" tests="1" failures="0" timestamp="12 Jul 2016 10:11:52 GMT" time="18.373" errors="0">
  <testcase name="uom" time="18.373" classname="com.ERP.masterscripts.NG_UOM"/>
</testsuite> <!-- com.ERP.masterscripts.NG_UOM -->
