<?xml version="1.0" encoding="UTF-8"?>
<!-- Generated by org.testng.reporters.JUnitReportReporter -->
<testsuite hostname="Q10025" name="TestNG.Base" tests="1" failures="0" timestamp="12 Jul 2016 10:27:41 GMT" time="0.009" errors="0">
  <testcase name="o" time="0.009" classname="TestNG.Base"/>
</testsuite> <!-- TestNG.Base -->
